2025-12-19 19:11:16,511 [Worker-7: Loading available Gradle versions] INFO  o.e.b.c.i.u.g.PublishedGradleVersions - Gradle version information cache is not available. Remote download required.
2025-12-19 19:25:25,905 [Worker-19: Launching mavenrun-bc60f2c3-dda1-471a-bb06-e325d1b1bf7d] INFO  o.eclipse.m2e.core.internal.Bundles - getClasspathEntries(Bundle=org.eclipse.m2e.maven.runtime_3.9.1101.20251020-1549 [308])
2025-12-19 19:25:25,911 [Worker-19: Launching mavenrun-bc60f2c3-dda1-471a-bb06-e325d1b1bf7d] INFO  o.eclipse.m2e.core.internal.Bundles - 	Entry: C:\Users\sivar\.p2\pool\plugins\org.eclipse.m2e.maven.runtime_3.9.1101.20251020-1549
2025-12-19 19:25:25,912 [Worker-19: Launching mavenrun-bc60f2c3-dda1-471a-bb06-e325d1b1bf7d] INFO  o.eclipse.m2e.core.internal.Bundles - 	Entry: C:\Users\sivar\.p2\pool\plugins\org.eclipse.m2e.maven.runtime_3.9.1101.20251020-1549\jars\aopalliance-1.0.jar
2025-12-19 19:25:25,914 [Worker-19: Launching mavenrun-bc60f2c3-dda1-471a-bb06-e325d1b1bf7d] INFO  o.eclipse.m2e.core.internal.Bundles - 	Entry: C:\Users\sivar\.p2\pool\plugins\org.eclipse.m2e.maven.runtime_3.9.1101.20251020-1549\jars\asm-9.8.jar
2025-12-19 19:25:25,917 [Worker-19: Launching mavenrun-bc60f2c3-dda1-471a-bb06-e325d1b1bf7d] INFO  o.eclipse.m2e.core.internal.Bundles - 	Entry: C:\Users\sivar\.p2\pool\plugins\org.eclipse.m2e.maven.runtime_3.9.1101.20251020-1549\jars\error_prone_annotations-2.38.0.jar
2025-12-19 19:25:25,918 [Worker-19: Launching mavenrun-bc60f2c3-dda1-471a-bb06-e325d1b1bf7d] INFO  o.eclipse.m2e.core.internal.Bundles - 	Entry: C:\Users\sivar\.p2\pool\plugins\org.eclipse.m2e.maven.runtime_3.9.1101.20251020-1549\jars\gson-2.13.1.jar
2025-12-19 19:25:25,919 [Worker-19: Launching mavenrun-bc60f2c3-dda1-471a-bb06-e325d1b1bf7d] INFO  o.eclipse.m2e.core.internal.Bundles - 	Entry: C:\Users\sivar\.p2\pool\plugins\org.eclipse.m2e.maven.runtime_3.9.1101.20251020-1549\jars\guice-5.1.0-classes.jar
2025-12-19 19:25:25,920 [Worker-19: Launching mavenrun-bc60f2c3-dda1-471a-bb06-e325d1b1bf7d] INFO  o.eclipse.m2e.core.internal.Bundles - 	Entry: C:\Users\sivar\.p2\pool\plugins\org.eclipse.m2e.maven.runtime_3.9.1101.20251020-1549\jars\httpclient-4.5.14.jar
2025-12-19 19:25:25,921 [Worker-19: Launching mavenrun-bc60f2c3-dda1-471a-bb06-e325d1b1bf7d] INFO  o.eclipse.m2e.core.internal.Bundles - 	Entry: C:\Users\sivar\.p2\pool\plugins\org.eclipse.m2e.maven.runtime_3.9.1101.20251020-1549\jars\httpcore-4.4.16.jar
2025-12-19 19:25:25,922 [Worker-19: Launching mavenrun-bc60f2c3-dda1-471a-bb06-e325d1b1bf7d] INFO  o.eclipse.m2e.core.internal.Bundles - 	Entry: C:\Users\sivar\.p2\pool\plugins\org.eclipse.m2e.maven.runtime_3.9.1101.20251020-1549\jars\jansi-2.4.2.jar
2025-12-19 19:25:25,925 [Worker-19: Launching mavenrun-bc60f2c3-dda1-471a-bb06-e325d1b1bf7d] INFO  o.eclipse.m2e.core.internal.Bundles - 	Entry: C:\Users\sivar\.p2\pool\plugins\org.eclipse.m2e.maven.runtime_3.9.1101.20251020-1549\jars\jcl-over-slf4j-1.7.36.jar
2025-12-19 19:25:25,928 [Worker-19: Launching mavenrun-bc60f2c3-dda1-471a-bb06-e325d1b1bf7d] INFO  o.eclipse.m2e.core.internal.Bundles - 	Entry: C:\Users\sivar\.p2\pool\plugins\org.eclipse.m2e.maven.runtime_3.9.1101.20251020-1549\jars\maven-artifact-3.9.11.jar
2025-12-19 19:25:25,932 [Worker-19: Launching mavenrun-bc60f2c3-dda1-471a-bb06-e325d1b1bf7d] INFO  o.eclipse.m2e.core.internal.Bundles - 	Entry: C:\Users\sivar\.p2\pool\plugins\org.eclipse.m2e.maven.runtime_3.9.1101.20251020-1549\jars\maven-builder-support-3.9.11.jar
2025-12-19 19:25:25,934 [Worker-19: Launching mavenrun-bc60f2c3-dda1-471a-bb06-e325d1b1bf7d] INFO  o.eclipse.m2e.core.internal.Bundles - 	Entry: C:\Users\sivar\.p2\pool\plugins\org.eclipse.m2e.maven.runtime_3.9.1101.20251020-1549\jars\maven-compat-3.9.11.jar
2025-12-19 19:25:25,937 [Worker-19: Launching mavenrun-bc60f2c3-dda1-471a-bb06-e325d1b1bf7d] INFO  o.eclipse.m2e.core.internal.Bundles - 	Entry: C:\Users\sivar\.p2\pool\plugins\org.eclipse.m2e.maven.runtime_3.9.1101.20251020-1549\jars\maven-core-3.9.11.jar
2025-12-19 19:25:25,939 [Worker-19: Launching mavenrun-bc60f2c3-dda1-471a-bb06-e325d1b1bf7d] INFO  o.eclipse.m2e.core.internal.Bundles - 	Entry: C:\Users\sivar\.p2\pool\plugins\org.eclipse.m2e.maven.runtime_3.9.1101.20251020-1549\jars\maven-embedder-3.9.11.jar
2025-12-19 19:25:25,940 [Worker-19: Launching mavenrun-bc60f2c3-dda1-471a-bb06-e325d1b1bf7d] INFO  o.eclipse.m2e.core.internal.Bundles - 	Entry: C:\Users\sivar\.p2\pool\plugins\org.eclipse.m2e.maven.runtime_3.9.1101.20251020-1549\jars\maven-model-3.9.11.jar
2025-12-19 19:25:25,941 [Worker-19: Launching mavenrun-bc60f2c3-dda1-471a-bb06-e325d1b1bf7d] INFO  o.eclipse.m2e.core.internal.Bundles - 	Entry: C:\Users\sivar\.p2\pool\plugins\org.eclipse.m2e.maven.runtime_3.9.1101.20251020-1549\jars\maven-model-builder-3.9.11.jar
2025-12-19 19:25:25,942 [Worker-19: Launching mavenrun-bc60f2c3-dda1-471a-bb06-e325d1b1bf7d] INFO  o.eclipse.m2e.core.internal.Bundles - 	Entry: C:\Users\sivar\.p2\pool\plugins\org.eclipse.m2e.maven.runtime_3.9.1101.20251020-1549\jars\maven-plugin-api-3.9.11.jar
2025-12-19 19:25:25,942 [Worker-19: Launching mavenrun-bc60f2c3-dda1-471a-bb06-e325d1b1bf7d] INFO  o.eclipse.m2e.core.internal.Bundles - 	Entry: C:\Users\sivar\.p2\pool\plugins\org.eclipse.m2e.maven.runtime_3.9.1101.20251020-1549\jars\maven-repository-metadata-3.9.11.jar
2025-12-19 19:25:25,943 [Worker-19: Launching mavenrun-bc60f2c3-dda1-471a-bb06-e325d1b1bf7d] INFO  o.eclipse.m2e.core.internal.Bundles - 	Entry: C:\Users\sivar\.p2\pool\plugins\org.eclipse.m2e.maven.runtime_3.9.1101.20251020-1549\jars\maven-resolver-api-1.9.24.jar
2025-12-19 19:25:25,944 [Worker-19: Launching mavenrun-bc60f2c3-dda1-471a-bb06-e325d1b1bf7d] INFO  o.eclipse.m2e.core.internal.Bundles - 	Entry: C:\Users\sivar\.p2\pool\plugins\org.eclipse.m2e.maven.runtime_3.9.1101.20251020-1549\jars\maven-resolver-connector-basic-1.9.24.jar
2025-12-19 19:25:25,945 [Worker-19: Launching mavenrun-bc60f2c3-dda1-471a-bb06-e325d1b1bf7d] INFO  o.eclipse.m2e.core.internal.Bundles - 	Entry: C:\Users\sivar\.p2\pool\plugins\org.eclipse.m2e.maven.runtime_3.9.1101.20251020-1549\jars\maven-resolver-impl-1.9.24.jar
2025-12-19 19:25:25,946 [Worker-19: Launching mavenrun-bc60f2c3-dda1-471a-bb06-e325d1b1bf7d] INFO  o.eclipse.m2e.core.internal.Bundles - 	Entry: C:\Users\sivar\.p2\pool\plugins\org.eclipse.m2e.maven.runtime_3.9.1101.20251020-1549\jars\maven-resolver-named-locks-1.9.24.jar
2025-12-19 19:25:25,947 [Worker-19: Launching mavenrun-bc60f2c3-dda1-471a-bb06-e325d1b1bf7d] INFO  o.eclipse.m2e.core.internal.Bundles - 	Entry: C:\Users\sivar\.p2\pool\plugins\org.eclipse.m2e.maven.runtime_3.9.1101.20251020-1549\jars\maven-resolver-provider-3.9.11.jar
2025-12-19 19:25:25,948 [Worker-19: Launching mavenrun-bc60f2c3-dda1-471a-bb06-e325d1b1bf7d] INFO  o.eclipse.m2e.core.internal.Bundles - 	Entry: C:\Users\sivar\.p2\pool\plugins\org.eclipse.m2e.maven.runtime_3.9.1101.20251020-1549\jars\maven-resolver-spi-1.9.24.jar
2025-12-19 19:25:25,958 [Worker-19: Launching mavenrun-bc60f2c3-dda1-471a-bb06-e325d1b1bf7d] INFO  o.eclipse.m2e.core.internal.Bundles - 	Entry: C:\Users\sivar\.p2\pool\plugins\org.eclipse.m2e.maven.runtime_3.9.1101.20251020-1549\jars\maven-resolver-transport-file-1.9.24.jar
2025-12-19 19:25:25,960 [Worker-19: Launching mavenrun-bc60f2c3-dda1-471a-bb06-e325d1b1bf7d] INFO  o.eclipse.m2e.core.internal.Bundles - 	Entry: C:\Users\sivar\.p2\pool\plugins\org.eclipse.m2e.maven.runtime_3.9.1101.20251020-1549\jars\maven-resolver-transport-http-1.9.24.jar
2025-12-19 19:25:25,961 [Worker-19: Launching mavenrun-bc60f2c3-dda1-471a-bb06-e325d1b1bf7d] INFO  o.eclipse.m2e.core.internal.Bundles - 	Entry: C:\Users\sivar\.p2\pool\plugins\org.eclipse.m2e.maven.runtime_3.9.1101.20251020-1549\jars\maven-resolver-transport-wagon-1.9.24.jar
2025-12-19 19:25:25,964 [Worker-19: Launching mavenrun-bc60f2c3-dda1-471a-bb06-e325d1b1bf7d] INFO  o.eclipse.m2e.core.internal.Bundles - 	Entry: C:\Users\sivar\.p2\pool\plugins\org.eclipse.m2e.maven.runtime_3.9.1101.20251020-1549\jars\maven-resolver-util-1.9.24.jar
2025-12-19 19:25:25,965 [Worker-19: Launching mavenrun-bc60f2c3-dda1-471a-bb06-e325d1b1bf7d] INFO  o.eclipse.m2e.core.internal.Bundles - 	Entry: C:\Users\sivar\.p2\pool\plugins\org.eclipse.m2e.maven.runtime_3.9.1101.20251020-1549\jars\maven-settings-3.9.11.jar
2025-12-19 19:25:25,969 [Worker-19: Launching mavenrun-bc60f2c3-dda1-471a-bb06-e325d1b1bf7d] INFO  o.eclipse.m2e.core.internal.Bundles - 	Entry: C:\Users\sivar\.p2\pool\plugins\org.eclipse.m2e.maven.runtime_3.9.1101.20251020-1549\jars\maven-settings-builder-3.9.11.jar
2025-12-19 19:25:25,970 [Worker-19: Launching mavenrun-bc60f2c3-dda1-471a-bb06-e325d1b1bf7d] INFO  o.eclipse.m2e.core.internal.Bundles - 	Entry: C:\Users\sivar\.p2\pool\plugins\org.eclipse.m2e.maven.runtime_3.9.1101.20251020-1549\jars\maven-shared-utils-3.4.2.jar
2025-12-19 19:25:25,972 [Worker-19: Launching mavenrun-bc60f2c3-dda1-471a-bb06-e325d1b1bf7d] INFO  o.eclipse.m2e.core.internal.Bundles - 	Entry: C:\Users\sivar\.p2\pool\plugins\org.eclipse.m2e.maven.runtime_3.9.1101.20251020-1549\jars\org.eclipse.sisu.inject-0.9.0.M4.jar
2025-12-19 19:25:25,974 [Worker-19: Launching mavenrun-bc60f2c3-dda1-471a-bb06-e325d1b1bf7d] INFO  o.eclipse.m2e.core.internal.Bundles - 	Entry: C:\Users\sivar\.p2\pool\plugins\org.eclipse.m2e.maven.runtime_3.9.1101.20251020-1549\jars\org.eclipse.sisu.plexus-0.9.0.M4.jar
2025-12-19 19:25:25,976 [Worker-19: Launching mavenrun-bc60f2c3-dda1-471a-bb06-e325d1b1bf7d] INFO  o.eclipse.m2e.core.internal.Bundles - 	Entry: C:\Users\sivar\.p2\pool\plugins\org.eclipse.m2e.maven.runtime_3.9.1101.20251020-1549\jars\plexus-build-api-0.0.7.jar
2025-12-19 19:25:25,979 [Worker-19: Launching mavenrun-bc60f2c3-dda1-471a-bb06-e325d1b1bf7d] INFO  o.eclipse.m2e.core.internal.Bundles - 	Entry: C:\Users\sivar\.p2\pool\plugins\org.eclipse.m2e.maven.runtime_3.9.1101.20251020-1549\jars\plexus-build-api-1.2.0.jar
2025-12-19 19:25:25,980 [Worker-19: Launching mavenrun-bc60f2c3-dda1-471a-bb06-e325d1b1bf7d] INFO  o.eclipse.m2e.core.internal.Bundles - 	Entry: C:\Users\sivar\.p2\pool\plugins\org.eclipse.m2e.maven.runtime_3.9.1101.20251020-1549\jars\plexus-cipher-2.0.jar
2025-12-19 19:25:25,988 [Worker-19: Launching mavenrun-bc60f2c3-dda1-471a-bb06-e325d1b1bf7d] INFO  o.eclipse.m2e.core.internal.Bundles - 	Entry: C:\Users\sivar\.p2\pool\plugins\org.eclipse.m2e.maven.runtime_3.9.1101.20251020-1549\jars\plexus-classworlds-2.9.0.jar
2025-12-19 19:25:25,989 [Worker-19: Launching mavenrun-bc60f2c3-dda1-471a-bb06-e325d1b1bf7d] INFO  o.eclipse.m2e.core.internal.Bundles - 	Entry: C:\Users\sivar\.p2\pool\plugins\org.eclipse.m2e.maven.runtime_3.9.1101.20251020-1549\jars\plexus-component-annotations-2.2.0.jar
2025-12-19 19:25:25,990 [Worker-19: Launching mavenrun-bc60f2c3-dda1-471a-bb06-e325d1b1bf7d] INFO  o.eclipse.m2e.core.internal.Bundles - 	Entry: C:\Users\sivar\.p2\pool\plugins\org.eclipse.m2e.maven.runtime_3.9.1101.20251020-1549\jars\plexus-interpolation-1.28.jar
2025-12-19 19:25:26,002 [Worker-19: Launching mavenrun-bc60f2c3-dda1-471a-bb06-e325d1b1bf7d] INFO  o.eclipse.m2e.core.internal.Bundles - 	Entry: C:\Users\sivar\.p2\pool\plugins\org.eclipse.m2e.maven.runtime_3.9.1101.20251020-1549\jars\plexus-sec-dispatcher-2.0.jar
2025-12-19 19:25:26,005 [Worker-19: Launching mavenrun-bc60f2c3-dda1-471a-bb06-e325d1b1bf7d] INFO  o.eclipse.m2e.core.internal.Bundles - 	Entry: C:\Users\sivar\.p2\pool\plugins\org.eclipse.m2e.maven.runtime_3.9.1101.20251020-1549\jars\plexus-utils-3.6.0.jar
2025-12-19 19:25:26,009 [Worker-19: Launching mavenrun-bc60f2c3-dda1-471a-bb06-e325d1b1bf7d] INFO  o.eclipse.m2e.core.internal.Bundles - 	Entry: C:\Users\sivar\.p2\pool\plugins\org.eclipse.m2e.maven.runtime_3.9.1101.20251020-1549\jars\wagon-file-3.5.3.jar
2025-12-19 19:25:26,011 [Worker-19: Launching mavenrun-bc60f2c3-dda1-471a-bb06-e325d1b1bf7d] INFO  o.eclipse.m2e.core.internal.Bundles - 	Entry: C:\Users\sivar\.p2\pool\plugins\org.eclipse.m2e.maven.runtime_3.9.1101.20251020-1549\jars\wagon-http-3.5.3.jar
2025-12-19 19:25:26,012 [Worker-19: Launching mavenrun-bc60f2c3-dda1-471a-bb06-e325d1b1bf7d] INFO  o.eclipse.m2e.core.internal.Bundles - 	Entry: C:\Users\sivar\.p2\pool\plugins\org.eclipse.m2e.maven.runtime_3.9.1101.20251020-1549\jars\wagon-http-shared-3.5.3.jar
2025-12-19 19:25:26,013 [Worker-19: Launching mavenrun-bc60f2c3-dda1-471a-bb06-e325d1b1bf7d] INFO  o.eclipse.m2e.core.internal.Bundles - 	Entry: C:\Users\sivar\.p2\pool\plugins\org.eclipse.m2e.maven.runtime_3.9.1101.20251020-1549\jars\wagon-provider-api-3.5.3.jar
2025-12-19 19:25:26,018 [Worker-19: Launching mavenrun-bc60f2c3-dda1-471a-bb06-e325d1b1bf7d] INFO  o.eclipse.m2e.core.internal.Bundles - getClasspathEntries(Bundle=com.google.guava_33.5.0.jre [13])
2025-12-19 19:25:26,023 [Worker-19: Launching mavenrun-bc60f2c3-dda1-471a-bb06-e325d1b1bf7d] INFO  o.eclipse.m2e.core.internal.Bundles - 	Entry: C:\Users\sivar\.p2\pool\plugins\com.google.guava_33.5.0.jre.jar
2025-12-19 19:25:26,026 [Worker-19: Launching mavenrun-bc60f2c3-dda1-471a-bb06-e325d1b1bf7d] INFO  o.eclipse.m2e.core.internal.Bundles - getClasspathEntries(Bundle=slf4j.api_2.0.17 [532])
2025-12-19 19:25:26,028 [Worker-19: Launching mavenrun-bc60f2c3-dda1-471a-bb06-e325d1b1bf7d] INFO  o.eclipse.m2e.core.internal.Bundles - 	Entry: C:\Users\sivar\.p2\pool\plugins\slf4j.api_2.0.17.jar
2025-12-19 19:25:26,028 [Worker-19: Launching mavenrun-bc60f2c3-dda1-471a-bb06-e325d1b1bf7d] INFO  o.eclipse.m2e.core.internal.Bundles - getClasspathEntries(Bundle=jakarta.inject.jakarta.inject-api_1.0.5 [24])
2025-12-19 19:25:26,029 [Worker-19: Launching mavenrun-bc60f2c3-dda1-471a-bb06-e325d1b1bf7d] INFO  o.eclipse.m2e.core.internal.Bundles - 	Entry: C:\Users\sivar\.p2\pool\plugins\jakarta.inject.jakarta.inject-api_1.0.5.jar
2025-12-19 19:25:26,029 [Worker-19: Launching mavenrun-bc60f2c3-dda1-471a-bb06-e325d1b1bf7d] INFO  o.eclipse.m2e.core.internal.Bundles - getClasspathEntries(Bundle=jakarta.annotation-api_1.3.5 [22])
2025-12-19 19:25:26,031 [Worker-19: Launching mavenrun-bc60f2c3-dda1-471a-bb06-e325d1b1bf7d] INFO  o.eclipse.m2e.core.internal.Bundles - 	Entry: C:\Users\sivar\.p2\pool\plugins\jakarta.annotation-api_1.3.5.jar
2025-12-19 19:25:26,035 [Worker-19: Launching mavenrun-bc60f2c3-dda1-471a-bb06-e325d1b1bf7d] INFO  o.eclipse.m2e.core.internal.Bundles - getClasspathEntries(Bundle=org.apache.commons.cli_1.11.0 [55])
2025-12-19 19:25:26,037 [Worker-19: Launching mavenrun-bc60f2c3-dda1-471a-bb06-e325d1b1bf7d] INFO  o.eclipse.m2e.core.internal.Bundles - 	Entry: C:\Users\sivar\.p2\pool\plugins\org.apache.commons.cli_1.11.0.jar
2025-12-19 19:25:26,037 [Worker-19: Launching mavenrun-bc60f2c3-dda1-471a-bb06-e325d1b1bf7d] INFO  o.eclipse.m2e.core.internal.Bundles - getClasspathEntries(Bundle=org.apache.commons.commons-codec_1.20.0 [56])
2025-12-19 19:25:26,039 [Worker-19: Launching mavenrun-bc60f2c3-dda1-471a-bb06-e325d1b1bf7d] INFO  o.eclipse.m2e.core.internal.Bundles - 	Entry: C:\Users\sivar\.p2\pool\plugins\org.apache.commons.commons-codec_1.20.0.jar
2025-12-19 19:25:26,043 [Worker-19: Launching mavenrun-bc60f2c3-dda1-471a-bb06-e325d1b1bf7d] INFO  o.eclipse.m2e.core.internal.Bundles - getClasspathEntries(Bundle=com.google.guava.failureaccess_1.0.3 [14])
2025-12-19 19:25:26,045 [Worker-19: Launching mavenrun-bc60f2c3-dda1-471a-bb06-e325d1b1bf7d] INFO  o.eclipse.m2e.core.internal.Bundles - 	Entry: C:\Users\sivar\.p2\pool\plugins\com.google.guava.failureaccess_1.0.3.jar
2025-12-19 19:25:26,072 [Worker-19: Launching mavenrun-bc60f2c3-dda1-471a-bb06-e325d1b1bf7d] INFO  o.e.m.i.launch.MavenLaunchDelegate - Run build in "C:\Users\sivar\AppData\Local\Temp\m2e-archetypeGenerator13474575182053415563":
2025-12-19 19:25:26,083 [Worker-19: Launching mavenrun-bc60f2c3-dda1-471a-bb06-e325d1b1bf7d] INFO  o.e.m.i.launch.MavenLaunchDelegate -  mvn  -DjavaCompilerVersion=17 -DjunitVersion=5.11.0 -DarchetypeGroupId=org.apache.maven.archetypes -DarchetypeArtifactId=maven-archetype-quickstart -DarchetypeVersion=1.5 -DgroupId=com.klef.fsad -DartifactId=HibernateProject -Dversion=0.0.1-SNAPSHOT -Dpackage=com.klef.fsad.HibernateProject -DoutputDirectory=C:\Users\sivar\Downloads\FSAD\FSADWORKSPACE -Dstyle.color=always -U archetype:generate
2025-12-19 19:26:51,133 [Worker-17: Creating maven-archetype-quickstart] INFO  o.e.m.c.i.p.ProjectConfigurationManager - Collecting project info '/pom.xml' C:\Users\sivar\Downloads\FSAD\FSADWORKSPACE\HibernateProject\pom.xml
2025-12-19 19:26:53,101 [Worker-17: Creating maven-archetype-quickstart] INFO  o.e.m.c.i.l.LifecycleMappingFactory - Using org.eclipse.m2e.jdt.JarLifecycleMapping lifecycle mapping for MavenProject: com.klef.fsad:HibernateProject:0.0.1-SNAPSHOT @ C:\Users\sivar\Downloads\FSAD\FSADWORKSPACE\HibernateProject\pom.xml.
2025-12-19 19:26:54,992 [Worker-17: Creating maven-archetype-quickstart] INFO  o.e.m.j.i.AbstractJavaProjectConfigurator - Adding source folder /HibernateProject/src/main/java
2025-12-19 19:26:54,998 [Worker-17: Creating maven-archetype-quickstart] INFO  o.e.m.j.i.AbstractJavaProjectConfigurator - Adding resource folder /HibernateProject/src/main/resources
2025-12-19 19:26:55,027 [Worker-17: Creating maven-archetype-quickstart] INFO  o.e.m.j.i.AbstractJavaProjectConfigurator - Adding source folder /HibernateProject/src/test/java
2025-12-19 19:26:55,030 [Worker-17: Creating maven-archetype-quickstart] INFO  o.e.m.j.i.AbstractJavaProjectConfigurator - Adding resource folder /HibernateProject/src/test/resources
2025-12-19 19:26:56,441 [Worker-17: Creating maven-archetype-quickstart] WARN  o.apache.maven.project.MavenProject - Direct modification of compileSourceRoots through clear() is deprecated and will not work in Maven 4.0.0. Please use the add/remove methods instead. If you're using a plugin that causes this warning, please upgrade to the latest version and report an issue if the warning persists. To disable these warnings, set -Dmaven.project.sourceRoots.warningsDisabled=true on the command line, in the .mvn/maven.config file, or in project POM properties.
2025-12-19 19:26:56,445 [Worker-17: Creating maven-archetype-quickstart] WARN  o.apache.maven.project.MavenProject - Direct modification of compileSourceRoots through add() is deprecated and will not work in Maven 4.0.0. Please use the add/remove methods instead. If you're using a plugin that causes this warning, please upgrade to the latest version and report an issue if the warning persists. To disable these warnings, set -Dmaven.project.sourceRoots.warningsDisabled=true on the command line, in the .mvn/maven.config file, or in project POM properties.
2025-12-19 19:26:56,448 [Worker-17: Creating maven-archetype-quickstart] WARN  o.apache.maven.project.MavenProject - Direct modification of testCompileSourceRoots through clear() is deprecated and will not work in Maven 4.0.0. Please use the add/remove methods instead. If you're using a plugin that causes this warning, please upgrade to the latest version and report an issue if the warning persists. To disable these warnings, set -Dmaven.project.sourceRoots.warningsDisabled=true on the command line, in the .mvn/maven.config file, or in project POM properties.
2025-12-19 19:26:56,451 [Worker-17: Creating maven-archetype-quickstart] WARN  o.apache.maven.project.MavenProject - Direct modification of testCompileSourceRoots through add() is deprecated and will not work in Maven 4.0.0. Please use the add/remove methods instead. If you're using a plugin that causes this warning, please upgrade to the latest version and report an issue if the warning persists. To disable these warnings, set -Dmaven.project.sourceRoots.warningsDisabled=true on the command line, in the .mvn/maven.config file, or in project POM properties.
2025-12-19 19:26:56,539 [Worker-17: Creating maven-archetype-quickstart] INFO  o.e.m.c.i.p.ProjectConfigurationManager - Imported and configured 1 project(s) in 5 sec
2025-12-19 19:26:58,498 [Worker-24: Building] INFO  o.a.m.s.f.DefaultMavenResourcesFiltering - skip non existing resourceDirectory C:\Users\sivar\Downloads\FSAD\FSADWORKSPACE\HibernateProject\src\main\resources
2025-12-19 19:26:58,512 [Worker-24: Building] INFO  o.a.m.s.f.DefaultMavenResourcesFiltering - skip non existing resourceDirectory C:\Users\sivar\Downloads\FSAD\FSADWORKSPACE\HibernateProject\src\test\resources
2025-12-19 19:26:59,522 [Worker-24: Building] WARN  o.apache.maven.project.MavenProject - Direct modification of compileSourceRoots through clear() is deprecated and will not work in Maven 4.0.0. Please use the add/remove methods instead. If you're using a plugin that causes this warning, please upgrade to the latest version and report an issue if the warning persists. To disable these warnings, set -Dmaven.project.sourceRoots.warningsDisabled=true on the command line, in the .mvn/maven.config file, or in project POM properties.
2025-12-19 19:26:59,526 [Worker-24: Building] WARN  o.apache.maven.project.MavenProject - Direct modification of compileSourceRoots through add() is deprecated and will not work in Maven 4.0.0. Please use the add/remove methods instead. If you're using a plugin that causes this warning, please upgrade to the latest version and report an issue if the warning persists. To disable these warnings, set -Dmaven.project.sourceRoots.warningsDisabled=true on the command line, in the .mvn/maven.config file, or in project POM properties.
2025-12-19 19:26:59,528 [Worker-24: Building] WARN  o.apache.maven.project.MavenProject - Direct modification of testCompileSourceRoots through clear() is deprecated and will not work in Maven 4.0.0. Please use the add/remove methods instead. If you're using a plugin that causes this warning, please upgrade to the latest version and report an issue if the warning persists. To disable these warnings, set -Dmaven.project.sourceRoots.warningsDisabled=true on the command line, in the .mvn/maven.config file, or in project POM properties.
2025-12-19 19:26:59,531 [Worker-24: Building] WARN  o.apache.maven.project.MavenProject - Direct modification of testCompileSourceRoots through add() is deprecated and will not work in Maven 4.0.0. Please use the add/remove methods instead. If you're using a plugin that causes this warning, please upgrade to the latest version and report an issue if the warning persists. To disable these warnings, set -Dmaven.project.sourceRoots.warningsDisabled=true on the command line, in the .mvn/maven.config file, or in project POM properties.
